[2023-12-03 17:53:43] local.DEBUG: Stripe\Checkout\Session JSON: {
    "id": "cs_test_b1tPGJpk1ThOU2uVDZtT040FNxw56MmG2HaYoWZT9Ul35TxdjCUJa8ooT7",
    "object": "checkout.session",
    "after_expiration": null,
    "allow_promotion_codes": null,
    "amount_subtotal": 256212,
    "amount_total": 256212,
    "automatic_tax": {
        "enabled": false,
        "status": null
    },
    "billing_address_collection": null,
    "cancel_url": "http:\/\/localhost:3000\/cancel",
    "client_reference_id": null,
    "client_secret": null,
    "consent": null,
    "consent_collection": null,
    "created": 1701626014,
    "currency": "gbp",
    "currency_conversion": null,
    "custom_fields": [],
    "custom_text": {
        "shipping_address": null,
        "submit": null,
        "terms_of_service_acceptance": null
    },
    "customer": "cus_P7Yz9lfzxdSZ6a",
    "customer_creation": "always",
    "customer_details": {
        "address": {
            "city": null,
            "country": "GB",
            "line1": null,
            "line2": null,
            "postal_code": "M23 0QE",
            "state": null
        },
        "email": "kamaracomputers@gmail.com",
        "name": "Kelvin Kamara",
        "phone": null,
        "tax_exempt": "none",
        "tax_ids": []
    },
    "customer_email": null,
    "expires_at": 1701712414,
    "invoice": null,
    "invoice_creation": {
        "enabled": false,
        "invoice_data": {
            "account_tax_ids": null,
            "custom_fields": null,
            "description": null,
            "footer": null,
            "metadata": [],
            "rendering_options": null
        }
    },
    "livemode": false,
    "locale": null,
    "metadata": [],
    "mode": "payment",
    "payment_intent": "pi_3OJJrUD8jILs1cs61zUxSoOj",
    "payment_link": null,
    "payment_method_collection": "if_required",
    "payment_method_configuration_details": null,
    "payment_method_options": [],
    "payment_method_types": [
        "card"
    ],
    "payment_status": "paid",
    "phone_number_collection": {
        "enabled": false
    },
    "recovered_from": null,
    "setup_intent": null,
    "shipping_address_collection": null,
    "shipping_cost": null,
    "shipping_details": null,
    "shipping_options": [],
    "status": "complete",
    "submit_type": null,
    "subscription": null,
    "success_url": "http:\/\/localhost:3000\/success?session_id={CHECKOUT_SESSION_ID}",
    "total_details": {
        "amount_discount": 0,
        "amount_shipping": 0,
        "amount_tax": 0
    },
    "ui_mode": "hosted",
    "url": null
}  
